This file contains any messages produced by compilers while
running configure, to aid debugging if configure makes a mistake.

It was created by libTHB configure 0.01, which was
generated by GNU Autoconf 2.69.  Invocation command line was

  $ ./configure 

## --------- ##
## Platform. ##
## --------- ##

hostname = tharindu-lap
uname -m = x86_64
uname -r = 3.19.0-32-generic
uname -s = Linux
uname -v = #37~14.04.1-Ubuntu SMP Thu Oct 22 09:41:40 UTC 2015

/usr/bin/uname -p = unknown
/bin/uname -X     = unknown

/bin/arch              = unknown
/usr/bin/arch -k       = unknown
/usr/convex/getsysinfo = unknown
/usr/bin/hostinfo      = unknown
/bin/machine           = unknown
/usr/bin/oslevel       = unknown
/bin/universe          = unknown

PATH: /home/tharindu/.cabal/bin
PATH: /opt/cabal/1.24/bin
PATH: /opt/ghc/7.10.3/bin
PATH: /usr/local/sbin
PATH: /usr/local/bin
PATH: /usr/sbin
PATH: /usr/bin
PATH: /sbin
PATH: /bin
PATH: /usr/games
PATH: /usr/local/games


## ----------- ##
## Core tests. ##
## ----------- ##

configure:2201: checking for gcc
configure:2217: found /usr/bin/gcc
configure:2228: result: gcc
configure:2457: checking for C compiler version
configure:2466: gcc --version >&5
gcc (Ubuntu 4.8.4-2ubuntu1~14.04.3) 4.8.4
Copyright (C) 2013 Free Software Foundation, Inc.
This is free software; see the source for copying conditions.  There is NO
warranty; not even for MERCHANTABILITY or FITNESS FOR A PARTICULAR PURPOSE.

configure:2477: $? = 0
configure:2466: gcc -v >&5
Using built-in specs.
COLLECT_GCC=gcc
COLLECT_LTO_WRAPPER=/usr/lib/gcc/x86_64-linux-gnu/4.8/lto-wrapper
Target: x86_64-linux-gnu
Configured with: ../src/configure -v --with-pkgversion='Ubuntu 4.8.4-2ubuntu1~14.04.3' --with-bugurl=file:///usr/share/doc/gcc-4.8/README.Bugs --enable-languages=c,c++,java,go,d,fortran,objc,obj-c++ --prefix=/usr --program-suffix=-4.8 --enable-shared --enable-linker-build-id --libexecdir=/usr/lib --without-included-gettext --enable-threads=posix --with-gxx-include-dir=/usr/include/c++/4.8 --libdir=/usr/lib --enable-nls --with-sysroot=/ --enable-clocale=gnu --enable-libstdcxx-debug --enable-libstdcxx-time=yes --enable-gnu-unique-object --disable-libmudflap --enable-plugin --with-system-zlib --disable-browser-plugin --enable-java-awt=gtk --enable-gtk-cairo --with-java-home=/usr/lib/jvm/java-1.5.0-gcj-4.8-amd64/jre --enable-java-home --with-jvm-root-dir=/usr/lib/jvm/java-1.5.0-gcj-4.8-amd64 --with-jvm-jar-dir=/usr/lib/jvm-exports/java-1.5.0-gcj-4.8-amd64 --with-arch-directory=amd64 --with-ecj-jar=/usr/share/java/eclipse-ecj.jar --enable-objc-gc --enable-multiarch --disable-werror --with-arch-32=i686 --with-abi=m64 --with-multilib-list=m32,m64,mx32 --with-tune=generic --enable-checking=release --build=x86_64-linux-gnu --host=x86_64-linux-gnu --target=x86_64-linux-gnu
Thread model: posix
gcc version 4.8.4 (Ubuntu 4.8.4-2ubuntu1~14.04.3) 
configure:2477: $? = 0
configure:2466: gcc -V >&5
gcc: error: unrecognized command line option '-V'
gcc: fatal error: no input files
compilation terminated.
configure:2477: $? = 4
configure:2466: gcc -qversion >&5
gcc: error: unrecognized command line option '-qversion'
gcc: fatal error: no input files
compilation terminated.
configure:2477: $? = 4
configure:2497: checking whether the C compiler works
configure:2519: gcc    conftest.c  >&5
configure:2523: $? = 0
configure:2571: result: yes
configure:2574: checking for C compiler default output file name
configure:2576: result: a.out
configure:2582: checking for suffix of executables
configure:2589: gcc -o conftest    conftest.c  >&5
configure:2593: $? = 0
configure:2615: result: 
configure:2637: checking whether we are cross compiling
configure:2645: gcc -o conftest    conftest.c  >&5
configure:2649: $? = 0
configure:2656: ./conftest
configure:2660: $? = 0
configure:2675: result: no
configure:2680: checking for suffix of object files
configure:2702: gcc -c   conftest.c >&5
configure:2706: $? = 0
configure:2727: result: o
configure:2731: checking whether we are using the GNU C compiler
configure:2750: gcc -c   conftest.c >&5
configure:2750: $? = 0
configure:2759: result: yes
configure:2768: checking whether gcc accepts -g
configure:2788: gcc -c -g  conftest.c >&5
configure:2788: $? = 0
configure:2829: result: yes
configure:2846: checking for gcc option to accept ISO C89
configure:2909: gcc  -c -g -O2  conftest.c >&5
configure:2909: $? = 0
configure:2922: result: none needed
configure:2950: checking whether gcc understands -c and -o together
configure:2972: gcc -c conftest.c -o conftest2.o
configure:2975: $? = 0
configure:2972: gcc -c conftest.c -o conftest2.o
configure:2975: $? = 0
configure:2987: result: yes
configure:3033: checking for a BSD-compatible install
configure:3101: result: /usr/bin/install -c
configure:3112: checking whether build environment is sane
configure:3167: result: yes
configure:3315: checking for a thread-safe mkdir -p
configure:3354: result: /bin/mkdir -p
configure:3361: checking for gawk
configure:3377: found /usr/bin/gawk
configure:3388: result: gawk
configure:3399: checking whether make sets $(MAKE)
configure:3421: result: yes
configure:3451: checking for style of include used by make
configure:3479: result: GNU
configure:3513: checking whether make supports nested variables
configure:3530: result: yes
configure:3615: checking dependency style of gcc
configure:3726: result: gcc3
configure:3834: checking for ar
configure:3850: found /usr/bin/ar
configure:3861: result: ar
configure:3887: checking the archiver (ar) interface
configure:3903: gcc -c -g -O2  conftest.c >&5
configure:3903: $? = 0
configure:3905: ar cru libconftest.a conftest.o >&5
configure:3908: $? = 0
configure:3936: result: ar
configure:3986: checking build system type
configure:4000: result: x86_64-unknown-linux-gnu
configure:4020: checking host system type
configure:4033: result: x86_64-unknown-linux-gnu
configure:4074: checking how to print strings
configure:4101: result: printf
configure:4122: checking for a sed that does not truncate output
configure:4186: result: /bin/sed
configure:4204: checking for grep that handles long lines and -e
configure:4262: result: /bin/grep
configure:4267: checking for egrep
configure:4329: result: /bin/grep -E
configure:4334: checking for fgrep
configure:4396: result: /bin/grep -F
configure:4431: checking for ld used by gcc
configure:4498: result: /usr/bin/ld
configure:4505: checking if the linker (/usr/bin/ld) is GNU ld
configure:4520: result: yes
configure:4532: checking for BSD- or MS-compatible name lister (nm)
configure:4581: result: /usr/bin/nm -B
configure:4711: checking the name lister (/usr/bin/nm -B) interface
configure:4718: gcc -c -g -O2  conftest.c >&5
configure:4721: /usr/bin/nm -B "conftest.o"
configure:4724: output
0000000000000000 B some_variable
configure:4731: result: BSD nm
configure:4734: checking whether ln -s works
configure:4738: result: yes
configure:4746: checking the maximum length of command line arguments
configure:4877: result: 1572864
configure:4894: checking whether the shell understands some XSI constructs
configure:4904: result: yes
configure:4908: checking whether the shell understands "+="
configure:4914: result: yes
configure:4949: checking how to convert x86_64-unknown-linux-gnu file names to x86_64-unknown-linux-gnu format
configure:4989: result: func_convert_file_noop
configure:4996: checking how to convert x86_64-unknown-linux-gnu file names to toolchain format
configure:5016: result: func_convert_file_noop
configure:5023: checking for /usr/bin/ld option to reload object files
configure:5030: result: -r
configure:5104: checking for objdump
configure:5120: found /usr/bin/objdump
configure:5131: result: objdump
configure:5163: checking how to recognize dependent libraries
configure:5361: result: pass_all
configure:5446: checking for dlltool
configure:5476: result: no
configure:5506: checking how to associate runtime and link libraries
configure:5533: result: printf %s\n
configure:5657: checking for archiver @FILE support
configure:5674: gcc -c -g -O2  conftest.c >&5
configure:5674: $? = 0
configure:5677: ar cru libconftest.a @conftest.lst >&5
configure:5680: $? = 0
configure:5685: ar cru libconftest.a @conftest.lst >&5
ar: conftest.o: No such file or directory
configure:5688: $? = 1
configure:5700: result: @
configure:5758: checking for strip
configure:5774: found /usr/bin/strip
configure:5785: result: strip
configure:5857: checking for ranlib
configure:5873: found /usr/bin/ranlib
configure:5884: result: ranlib
configure:5986: checking command to parse /usr/bin/nm -B output from gcc object
configure:6106: gcc -c -g -O2  conftest.c >&5
configure:6109: $? = 0
configure:6113: /usr/bin/nm -B conftest.o \| sed -n -e 's/^.*[ ]\([ABCDGIRSTW][ABCDGIRSTW]*\)[ ][ ]*\([_A-Za-z][_A-Za-z0-9]*\)$/\1 \2 \2/p' | sed '/ __gnu_lto/d' \> conftest.nm
configure:6116: $? = 0
configure:6182: gcc -o conftest -g -O2   conftest.c conftstm.o >&5
configure:6185: $? = 0
configure:6223: result: ok
configure:6260: checking for sysroot
configure:6290: result: no
configure:6367: gcc -c -g -O2  conftest.c >&5
configure:6370: $? = 0
configure:6559: checking for mt
configure:6575: found /bin/mt
configure:6586: result: mt
configure:6609: checking if mt is a manifest tool
configure:6615: mt '-?'
configure:6623: result: no
configure:7265: checking how to run the C preprocessor
configure:7296: gcc -E  conftest.c
configure:7296: $? = 0
configure:7310: gcc -E  conftest.c
conftest.c:11:28: fatal error: ac_nonexistent.h: No such file or directory
 #include <ac_nonexistent.h>
                            ^
compilation terminated.
configure:7310: $? = 1
configure: failed program was:
| /* confdefs.h */
| #define PACKAGE_NAME "libTHB"
| #define PACKAGE_TARNAME "libthb"
| #define PACKAGE_VERSION "0.01"
| #define PACKAGE_STRING "libTHB 0.01"
| #define PACKAGE_BUGREPORT "tharindubathigama@gmail.com"
| #define PACKAGE_URL ""
| #define PACKAGE "libthb"
| #define VERSION "0.01"
| /* end confdefs.h.  */
| #include <ac_nonexistent.h>
configure:7335: result: gcc -E
configure:7355: gcc -E  conftest.c
configure:7355: $? = 0
configure:7369: gcc -E  conftest.c
conftest.c:11:28: fatal error: ac_nonexistent.h: No such file or directory
 #include <ac_nonexistent.h>
                            ^
compilation terminated.
configure:7369: $? = 1
configure: failed program was:
| /* confdefs.h */
| #define PACKAGE_NAME "libTHB"
| #define PACKAGE_TARNAME "libthb"
| #define PACKAGE_VERSION "0.01"
| #define PACKAGE_STRING "libTHB 0.01"
| #define PACKAGE_BUGREPORT "tharindubathigama@gmail.com"
| #define PACKAGE_URL ""
| #define PACKAGE "libthb"
| #define VERSION "0.01"
| /* end confdefs.h.  */
| #include <ac_nonexistent.h>
configure:7398: checking for ANSI C header files
configure:7418: gcc -c -g -O2  conftest.c >&5
configure:7418: $? = 0
configure:7491: gcc -o conftest -g -O2   conftest.c  >&5
configure:7491: $? = 0
configure:7491: ./conftest
configure:7491: $? = 0
configure:7502: result: yes
configure:7515: checking for sys/types.h
configure:7515: gcc -c -g -O2  conftest.c >&5
configure:7515: $? = 0
configure:7515: result: yes
configure:7515: checking for sys/stat.h
configure:7515: gcc -c -g -O2  conftest.c >&5
configure:7515: $? = 0
configure:7515: result: yes
configure:7515: checking for stdlib.h
configure:7515: gcc -c -g -O2  conftest.c >&5
configure:7515: $? = 0
configure:7515: result: yes
configure:7515: checking for string.h
configure:7515: gcc -c -g -O2  conftest.c >&5
configure:7515: $? = 0
configure:7515: result: yes
configure:7515: checking for memory.h
configure:7515: gcc -c -g -O2  conftest.c >&5
configure:7515: $? = 0
configure:7515: result: yes
configure:7515: checking for strings.h
configure:7515: gcc -c -g -O2  conftest.c >&5
configure:7515: $? = 0
configure:7515: result: yes
configure:7515: checking for inttypes.h
configure:7515: gcc -c -g -O2  conftest.c >&5
configure:7515: $? = 0
configure:7515: result: yes
configure:7515: checking for stdint.h
configure:7515: gcc -c -g -O2  conftest.c >&5
configure:7515: $? = 0
configure:7515: result: yes
configure:7515: checking for unistd.h
configure:7515: gcc -c -g -O2  conftest.c >&5
configure:7515: $? = 0
configure:7515: result: yes
configure:7529: checking for dlfcn.h
configure:7529: gcc -c -g -O2  conftest.c >&5
configure:7529: $? = 0
configure:7529: result: yes
configure:7735: checking for objdir
configure:7750: result: .libs
configure:8021: checking if gcc supports -fno-rtti -fno-exceptions
configure:8039: gcc -c -g -O2  -fno-rtti -fno-exceptions conftest.c >&5
cc1: warning: command line option '-fno-rtti' is valid for C++/ObjC++ but not for C [enabled by default]
configure:8043: $? = 0
configure:8056: result: no
configure:8383: checking for gcc option to produce PIC
configure:8390: result: -fPIC -DPIC
configure:8398: checking if gcc PIC flag -fPIC -DPIC works
configure:8416: gcc -c -g -O2  -fPIC -DPIC -DPIC conftest.c >&5
configure:8420: $? = 0
configure:8433: result: yes
configure:8462: checking if gcc static flag -static works
configure:8490: result: yes
configure:8505: checking if gcc supports -c -o file.o
configure:8526: gcc -c -g -O2  -o out/conftest2.o conftest.c >&5
configure:8530: $? = 0
configure:8552: result: yes
configure:8560: checking if gcc supports -c -o file.o
configure:8607: result: yes
configure:8640: checking whether the gcc linker (/usr/bin/ld -m elf_x86_64) supports shared libraries
configure:9797: result: yes
configure:9834: checking whether -lc should be explicitly linked in
configure:9842: gcc -c -g -O2  conftest.c >&5
configure:9845: $? = 0
configure:9860: gcc -shared  -fPIC -DPIC conftest.o  -v -Wl,-soname -Wl,conftest -o conftest 2\>\&1 \| /bin/grep  -lc  \>/dev/null 2\>\&1
configure:9863: $? = 0
configure:9877: result: no
configure:10037: checking dynamic linker characteristics
configure:10537: gcc -o conftest -g -O2   -Wl,-rpath -Wl,/foo conftest.c  >&5
configure:10537: $? = 0
configure:10771: result: GNU/Linux ld.so
configure:10878: checking how to hardcode library paths into programs
configure:10903: result: immediate
configure:11443: checking whether stripping libraries is possible
configure:11448: result: yes
configure:11483: checking if libtool supports shared libraries
configure:11485: result: yes
configure:11488: checking whether to build shared libraries
configure:11509: result: yes
configure:11512: checking whether to build static libraries
configure:11516: result: yes
configure:11663: checking that generated files are newer than configure
configure:11669: result: done
configure:11692: creating ./config.status

## ---------------------- ##
## Running config.status. ##
## ---------------------- ##

This file was extended by libTHB config.status 0.01, which was
generated by GNU Autoconf 2.69.  Invocation command line was

  CONFIG_FILES    = 
  CONFIG_HEADERS  = 
  CONFIG_LINKS    = 
  CONFIG_COMMANDS = 
  $ ./config.status 

on tharindu-lap

config.status:1080: creating Makefile
config.status:1080: creating config.h
config.status:1309: executing depfiles commands
config.status:1309: executing libtool commands

## ---------------- ##
## Cache variables. ##
## ---------------- ##

ac_cv_build=x86_64-unknown-linux-gnu
ac_cv_c_compiler_gnu=yes
ac_cv_env_CC_set=
ac_cv_env_CC_value=
ac_cv_env_CFLAGS_set=
ac_cv_env_CFLAGS_value=
ac_cv_env_CPPFLAGS_set=
ac_cv_env_CPPFLAGS_value=
ac_cv_env_CPP_set=
ac_cv_env_CPP_value=
ac_cv_env_LDFLAGS_set=
ac_cv_env_LDFLAGS_value=
ac_cv_env_LIBS_set=
ac_cv_env_LIBS_value=
ac_cv_env_build_alias_set=
ac_cv_env_build_alias_value=
ac_cv_env_host_alias_set=
ac_cv_env_host_alias_value=
ac_cv_env_target_alias_set=
ac_cv_env_target_alias_value=
ac_cv_header_dlfcn_h=yes
ac_cv_header_inttypes_h=yes
ac_cv_header_memory_h=yes
ac_cv_header_stdc=yes
ac_cv_header_stdint_h=yes
ac_cv_header_stdlib_h=yes
ac_cv_header_string_h=yes
ac_cv_header_strings_h=yes
ac_cv_header_sys_stat_h=yes
ac_cv_header_sys_types_h=yes
ac_cv_header_unistd_h=yes
ac_cv_host=x86_64-unknown-linux-gnu
ac_cv_objext=o
ac_cv_path_EGREP='/bin/grep -E'
ac_cv_path_FGREP='/bin/grep -F'
ac_cv_path_GREP=/bin/grep
ac_cv_path_SED=/bin/sed
ac_cv_path_install='/usr/bin/install -c'
ac_cv_path_mkdir=/bin/mkdir
ac_cv_prog_AWK=gawk
ac_cv_prog_CPP='gcc -E'
ac_cv_prog_ac_ct_AR=ar
ac_cv_prog_ac_ct_CC=gcc
ac_cv_prog_ac_ct_MANIFEST_TOOL=mt
ac_cv_prog_ac_ct_OBJDUMP=objdump
ac_cv_prog_ac_ct_RANLIB=ranlib
ac_cv_prog_ac_ct_STRIP=strip
ac_cv_prog_cc_c89=
ac_cv_prog_cc_g=yes
ac_cv_prog_make_make_set=yes
am_cv_CC_dependencies_compiler_type=gcc3
am_cv_ar_interface=ar
am_cv_make_support_nested_variables=yes
am_cv_prog_cc_c_o=yes
lt_cv_ar_at_file=@
lt_cv_archive_cmds_need_lc=no
lt_cv_deplibs_check_method=pass_all
lt_cv_file_magic_cmd='$MAGIC_CMD'
lt_cv_file_magic_test_file=
lt_cv_ld_reload_flag=-r
lt_cv_nm_interface='BSD nm'
lt_cv_objdir=.libs
lt_cv_path_LD=/usr/bin/ld
lt_cv_path_NM='/usr/bin/nm -B'
lt_cv_path_mainfest_tool=no
lt_cv_prog_compiler_c_o=yes
lt_cv_prog_compiler_pic='-fPIC -DPIC'
lt_cv_prog_compiler_pic_works=yes
lt_cv_prog_compiler_rtti_exceptions=no
lt_cv_prog_compiler_static_works=yes
lt_cv_prog_gnu_ld=yes
lt_cv_sharedlib_from_linklib_cmd='printf %s\n'
lt_cv_shlibpath_overrides_runpath=no
lt_cv_sys_global_symbol_pipe='sed -n -e '\''s/^.*[	 ]\([ABCDGIRSTW][ABCDGIRSTW]*\)[	 ][	 ]*\([_A-Za-z][_A-Za-z0-9]*\)$/\1 \2 \2/p'\'' | sed '\''/ __gnu_lto/d'\'''
lt_cv_sys_global_symbol_to_c_name_address='sed -n -e '\''s/^: \([^ ]*\)[ ]*$/  {\"\1\", (void *) 0},/p'\'' -e '\''s/^[ABCDGIRSTW]* \([^ ]*\) \([^ ]*\)$/  {"\2", (void *) \&\2},/p'\'''
lt_cv_sys_global_symbol_to_c_name_address_lib_prefix='sed -n -e '\''s/^: \([^ ]*\)[ ]*$/  {\"\1\", (void *) 0},/p'\'' -e '\''s/^[ABCDGIRSTW]* \([^ ]*\) \(lib[^ ]*\)$/  {"\2", (void *) \&\2},/p'\'' -e '\''s/^[ABCDGIRSTW]* \([^ ]*\) \([^ ]*\)$/  {"lib\2", (void *) \&\2},/p'\'''
lt_cv_sys_global_symbol_to_cdecl='sed -n -e '\''s/^T .* \(.*\)$/extern int \1();/p'\'' -e '\''s/^[ABCDGIRSTW]* .* \(.*\)$/extern char \1;/p'\'''
lt_cv_sys_max_cmd_len=1572864
lt_cv_to_host_file_cmd=func_convert_file_noop
lt_cv_to_tool_file_cmd=func_convert_file_noop

## ----------------- ##
## Output variables. ##
## ----------------- ##

ACLOCAL='${SHELL} /home/tharindu/Projects/libTHB/build-aux/missing aclocal-1.14'
AMDEPBACKSLASH='\'
AMDEP_FALSE='#'
AMDEP_TRUE=''
AMTAR='$${TAR-tar}'
AM_BACKSLASH='\'
AM_DEFAULT_V='$(AM_DEFAULT_VERBOSITY)'
AM_DEFAULT_VERBOSITY='1'
AM_V='$(V)'
AR='ar'
AUTOCONF='${SHELL} /home/tharindu/Projects/libTHB/build-aux/missing autoconf'
AUTOHEADER='${SHELL} /home/tharindu/Projects/libTHB/build-aux/missing autoheader'
AUTOMAKE='${SHELL} /home/tharindu/Projects/libTHB/build-aux/missing automake-1.14'
AWK='gawk'
CC='gcc'
CCDEPMODE='depmode=gcc3'
CFLAGS='-g -O2'
CPP='gcc -E'
CPPFLAGS=''
CYGPATH_W='echo'
DEFS='-DHAVE_CONFIG_H'
DEPDIR='.deps'
DLLTOOL='false'
DSYMUTIL=''
DUMPBIN=''
ECHO_C=''
ECHO_N='-n'
ECHO_T=''
EGREP='/bin/grep -E'
EXEEXT=''
FGREP='/bin/grep -F'
GREP='/bin/grep'
INSTALL_DATA='${INSTALL} -m 644'
INSTALL_PROGRAM='${INSTALL}'
INSTALL_SCRIPT='${INSTALL}'
INSTALL_STRIP_PROGRAM='$(install_sh) -c -s'
LD='/usr/bin/ld -m elf_x86_64'
LDFLAGS=''
LIBOBJS=''
LIBS=''
LIBTOOL='$(SHELL) $(top_builddir)/libtool'
LIPO=''
LN_S='ln -s'
LTLIBOBJS=''
MAKEINFO='${SHELL} /home/tharindu/Projects/libTHB/build-aux/missing makeinfo'
MANIFEST_TOOL=':'
MKDIR_P='/bin/mkdir -p'
NM='/usr/bin/nm -B'
NMEDIT=''
OBJDUMP='objdump'
OBJEXT='o'
OTOOL64=''
OTOOL=''
PACKAGE='libthb'
PACKAGE_BUGREPORT='tharindubathigama@gmail.com'
PACKAGE_NAME='libTHB'
PACKAGE_STRING='libTHB 0.01'
PACKAGE_TARNAME='libthb'
PACKAGE_URL=''
PACKAGE_VERSION='0.01'
PATH_SEPARATOR=':'
RANLIB='ranlib'
SED='/bin/sed'
SET_MAKE=''
SHELL='/bin/bash'
STRIP='strip'
VERSION='0.01'
ac_ct_AR='ar'
ac_ct_CC='gcc'
ac_ct_DUMPBIN=''
am__EXEEXT_FALSE=''
am__EXEEXT_TRUE='#'
am__fastdepCC_FALSE='#'
am__fastdepCC_TRUE=''
am__include='include'
am__isrc=''
am__leading_dot='.'
am__nodep='_no'
am__quote=''
am__tar='$${TAR-tar} chof - "$$tardir"'
am__untar='$${TAR-tar} xf -'
bindir='${exec_prefix}/bin'
build='x86_64-unknown-linux-gnu'
build_alias=''
build_cpu='x86_64'
build_os='linux-gnu'
build_vendor='unknown'
datadir='${datarootdir}'
datarootdir='${prefix}/share'
docdir='${datarootdir}/doc/${PACKAGE_TARNAME}'
dvidir='${docdir}'
exec_prefix='${prefix}'
host='x86_64-unknown-linux-gnu'
host_alias=''
host_cpu='x86_64'
host_os='linux-gnu'
host_vendor='unknown'
htmldir='${docdir}'
includedir='${prefix}/include'
infodir='${datarootdir}/info'
install_sh='${SHELL} /home/tharindu/Projects/libTHB/build-aux/install-sh'
libdir='${exec_prefix}/lib'
libexecdir='${exec_prefix}/libexec'
localedir='${datarootdir}/locale'
localstatedir='${prefix}/var'
mandir='${datarootdir}/man'
mkdir_p='$(MKDIR_P)'
oldincludedir='/usr/include'
pdfdir='${docdir}'
prefix='/usr/local'
program_transform_name='s,x,x,'
psdir='${docdir}'
sbindir='${exec_prefix}/sbin'
sharedstatedir='${prefix}/com'
sysconfdir='${prefix}/etc'
target_alias=''

## ----------- ##
## confdefs.h. ##
## ----------- ##

/* confdefs.h */
#define PACKAGE_NAME "libTHB"
#define PACKAGE_TARNAME "libthb"
#define PACKAGE_VERSION "0.01"
#define PACKAGE_STRING "libTHB 0.01"
#define PACKAGE_BUGREPORT "tharindubathigama@gmail.com"
#define PACKAGE_URL ""
#define PACKAGE "libthb"
#define VERSION "0.01"
#define STDC_HEADERS 1
#define HAVE_SYS_TYPES_H 1
#define HAVE_SYS_STAT_H 1
#define HAVE_STDLIB_H 1
#define HAVE_STRING_H 1
#define HAVE_MEMORY_H 1
#define HAVE_STRINGS_H 1
#define HAVE_INTTYPES_H 1
#define HAVE_STDINT_H 1
#define HAVE_UNISTD_H 1
#define HAVE_DLFCN_H 1
#define LT_OBJDIR ".libs/"

configure: exit 0

## ---------------------- ##
## Running config.status. ##
## ---------------------- ##

This file was extended by libTHB config.status 0.01, which was
generated by GNU Autoconf 2.69.  Invocation command line was

  CONFIG_FILES    = 
  CONFIG_HEADERS  = 
  CONFIG_LINKS    = 
  CONFIG_COMMANDS = 
  $ ./config.status config.h

on tharindu-lap

config.status:1080: creating config.h
config.status:1261: config.h is unchanged

## ---------------------- ##
## Running config.status. ##
## ---------------------- ##

This file was extended by libTHB config.status 0.01, which was
generated by GNU Autoconf 2.69.  Invocation command line was

  CONFIG_FILES    = 
  CONFIG_HEADERS  = 
  CONFIG_LINKS    = 
  CONFIG_COMMANDS = 
  $ ./config.status Makefile depfiles

on tharindu-lap

config.status:1080: creating Makefile
config.status:1309: executing depfiles commands

## ---------------------- ##
## Running config.status. ##
## ---------------------- ##

This file was extended by libTHB config.status 0.01, which was
generated by GNU Autoconf 2.69.  Invocation command line was

  CONFIG_FILES    = 
  CONFIG_HEADERS  = 
  CONFIG_LINKS    = 
  CONFIG_COMMANDS = 
  $ ./config.status Makefile depfiles

on tharindu-lap

config.status:1080: creating Makefile
config.status:1309: executing depfiles commands

## ---------------------- ##
## Running config.status. ##
## ---------------------- ##

This file was extended by libTHB config.status 0.01, which was
generated by GNU Autoconf 2.69.  Invocation command line was

  CONFIG_FILES    = 
  CONFIG_HEADERS  = 
  CONFIG_LINKS    = 
  CONFIG_COMMANDS = 
  $ ./config.status Makefile depfiles

on tharindu-lap

config.status:1080: creating Makefile
config.status:1309: executing depfiles commands

## ---------------------- ##
## Running config.status. ##
## ---------------------- ##

This file was extended by libTHB config.status 0.01, which was
generated by GNU Autoconf 2.69.  Invocation command line was

  CONFIG_FILES    = 
  CONFIG_HEADERS  = 
  CONFIG_LINKS    = 
  CONFIG_COMMANDS = 
  $ ./config.status Makefile depfiles

on tharindu-lap

config.status:1080: creating Makefile
config.status:1309: executing depfiles commands
